Sep 24, 2012 1:18:49 PM org.apache.catalina.core.AprLifecycleListener init
INFO: The APR based Apache Tomcat Native library which allows optimal performance in production environments was not found on the java.library.path: /opt/jenkins/git/lib:/opt/jenkins/perl/lib:/opt/jenkins/perl/lib/5.8.8/x86_64-linux/CORE:/opt/jenkins/common/lib::/opt/jenkins/java/jre/lib/amd64/server:/opt/jenkins/java/jre/lib/amd64:/usr/java/packages/lib/amd64:/usr/lib64:/lib64:/lib:/usr/lib
Sep 24, 2012 1:18:50 PM org.apache.coyote.AbstractProtocol init
INFO: Initializing ProtocolHandler ["http-bio-8081"]
Sep 24, 2012 1:18:50 PM org.apache.coyote.AbstractProtocol init
INFO: Initializing ProtocolHandler ["ajp-bio-8009"]
Sep 24, 2012 1:18:50 PM org.apache.catalina.startup.Catalina load
INFO: Initialization processed in 736 ms
Sep 24, 2012 1:18:50 PM org.apache.catalina.core.StandardService startInternal
INFO: Starting service Catalina
Sep 24, 2012 1:18:50 PM org.apache.catalina.core.StandardEngine startInternal
INFO: Starting Servlet Engine: Apache Tomcat/7.0.29
Sep 24, 2012 1:18:50 PM org.apache.catalina.startup.HostConfig deployDescriptor
INFO: Deploying configuration descriptor /opt/jenkins/apache-tomcat/conf/Catalina/localhost/jenkins.xml
Sep 24, 2012 1:18:55 PM jenkins.InitReactorRunner$1 onAttained
INFO: Started initialization
Sep 24, 2012 1:18:56 PM jenkins.InitReactorRunner$1 onAttained
INFO: Listed all plugins
Sep 24, 2012 1:18:57 PM jenkins.InitReactorRunner$1 onAttained
INFO: Prepared all plugins
Sep 24, 2012 1:18:57 PM jenkins.InitReactorRunner$1 onAttained
INFO: Started all plugins
Sep 24, 2012 1:18:57 PM jenkins.InitReactorRunner$1 onAttained
INFO: Augmented all extensions
Sep 24, 2012 1:18:57 PM jenkins.InitReactorRunner$1 onAttained
INFO: Loaded all jobs
Sep 24, 2012 1:19:00 PM org.apache.sshd.common.util.SecurityUtils$BouncyCastleRegistration run
INFO: Trying to register BouncyCastle as a JCE provider
Sep 24, 2012 1:19:01 PM org.apache.sshd.common.util.SecurityUtils$BouncyCastleRegistration run
INFO: Registration succeeded
Sep 24, 2012 1:19:24 PM org.jenkinsci.main.modules.sshd.SSHD start
INFO: Started SSHD at port 47020
Sep 24, 2012 1:19:24 PM jenkins.InitReactorRunner$1 onAttained
INFO: Completed initialization
Sep 24, 2012 1:19:24 PM hudson.TcpSlaveAgentListener <init>
INFO: JNLP slave agent listener started on TCP port 50408
Sep 24, 2012 1:19:24 PM hudson.WebAppMain$2 run
INFO: Jenkins is fully up and running
Sep 24, 2012 1:19:30 PM org.apache.catalina.util.SessionIdGenerator createSecureRandom
INFO: Creation of SecureRandom instance for session ID generation using [SHA1PRNG] took [35,266] milliseconds.
Sep 24, 2012 1:19:31 PM org.springframework.context.support.AbstractApplicationContext prepareRefresh
INFO: Refreshing org.springframework.web.context.support.StaticWebApplicationContext@2b571dff: display name [Root WebApplicationContext]; startup date [Mon Sep 24 13:19:31 CST 2012]; root of context hierarchy
Sep 24, 2012 1:19:31 PM org.springframework.context.support.AbstractApplicationContext obtainFreshBeanFactory
INFO: Bean factory for application context [org.springframework.web.context.support.StaticWebApplicationContext@2b571dff]: org.springframework.beans.factory.support.DefaultListableBeanFactory@7c669255
Sep 24, 2012 1:19:31 PM org.springframework.beans.factory.support.DefaultListableBeanFactory preInstantiateSingletons
INFO: Pre-instantiating singletons in org.springframework.beans.factory.support.DefaultListableBeanFactory@7c669255: defining beans [authenticationManager]; root of factory hierarchy
Sep 24, 2012 1:19:31 PM org.springframework.context.support.AbstractApplicationContext prepareRefresh
INFO: Refreshing org.springframework.web.context.support.StaticWebApplicationContext@4e0fd2b1: display name [Root WebApplicationContext]; startup date [Mon Sep 24 13:19:31 CST 2012]; root of context hierarchy
Sep 24, 2012 1:19:31 PM org.springframework.context.support.AbstractApplicationContext obtainFreshBeanFactory
INFO: Bean factory for application context [org.springframework.web.context.support.StaticWebApplicationContext@4e0fd2b1]: org.springframework.beans.factory.support.DefaultListableBeanFactory@120f0be
Sep 24, 2012 1:19:31 PM org.springframework.beans.factory.support.DefaultListableBeanFactory preInstantiateSingletons
INFO: Pre-instantiating singletons in org.springframework.beans.factory.support.DefaultListableBeanFactory@120f0be: defining beans [filter,legacy]; root of factory hierarchy
Sep 24, 2012 1:19:31 PM org.apache.catalina.startup.HostConfig deployDirectory
INFO: Deploying web application directory /opt/jenkins/apache-tomcat/webapps/host-manager
Sep 24, 2012 1:19:32 PM org.apache.catalina.startup.HostConfig deployDirectory
INFO: Deploying web application directory /opt/jenkins/apache-tomcat/webapps/manager
Sep 24, 2012 1:19:32 PM org.apache.catalina.startup.HostConfig deployDirectory
INFO: Deploying web application directory /opt/jenkins/apache-tomcat/webapps/docs
Sep 24, 2012 1:19:32 PM org.apache.catalina.startup.HostConfig deployDirectory
INFO: Deploying web application directory /opt/jenkins/apache-tomcat/webapps/ROOT
Sep 24, 2012 1:19:32 PM org.apache.catalina.startup.HostConfig deployDirectory
INFO: Deploying web application directory /opt/jenkins/apache-tomcat/webapps/examples
Sep 24, 2012 1:19:32 PM org.apache.coyote.AbstractProtocol start
INFO: Starting ProtocolHandler ["http-bio-8081"]
Sep 24, 2012 1:19:32 PM org.apache.coyote.AbstractProtocol start
INFO: Starting ProtocolHandler ["ajp-bio-8009"]
Sep 24, 2012 1:19:32 PM org.apache.catalina.startup.Catalina start
INFO: Server startup in 42341 ms
Sep 24, 2012 1:19:38 PM jenkins.InitReactorRunner$1 onAttained
INFO: Started initialization
Sep 24, 2012 1:19:38 PM jenkins.InitReactorRunner$1 onAttained
INFO: Listed all plugins
Sep 24, 2012 1:19:38 PM jenkins.InitReactorRunner$1 onAttained
INFO: Prepared all plugins
Sep 24, 2012 1:19:38 PM jenkins.InitReactorRunner$1 onAttained
INFO: Started all plugins
Sep 24, 2012 1:19:38 PM jenkins.InitReactorRunner$1 onAttained
INFO: Augmented all extensions
Sep 24, 2012 1:19:38 PM jenkins.InitReactorRunner$1 onAttained
INFO: Loaded all jobs
Sep 24, 2012 1:19:38 PM jenkins.InitReactorRunner$1 onAttained
INFO: Completed initialization
Sep 24, 2012 1:19:38 PM org.springframework.context.support.AbstractApplicationContext prepareRefresh
INFO: Refreshing org.springframework.web.context.support.StaticWebApplicationContext@96e1111: display name [Root WebApplicationContext]; startup date [Mon Sep 24 13:19:38 CST 2012]; root of context hierarchy
Sep 24, 2012 1:19:38 PM org.springframework.context.support.AbstractApplicationContext obtainFreshBeanFactory
INFO: Bean factory for application context [org.springframework.web.context.support.StaticWebApplicationContext@96e1111]: org.springframework.beans.factory.support.DefaultListableBeanFactory@7d4af469
Sep 24, 2012 1:19:38 PM org.springframework.beans.factory.support.DefaultListableBeanFactory preInstantiateSingletons
INFO: Pre-instantiating singletons in org.springframework.beans.factory.support.DefaultListableBeanFactory@7d4af469: defining beans [authenticationManager]; root of factory hierarchy
Sep 24, 2012 1:19:38 PM org.springframework.context.support.AbstractApplicationContext prepareRefresh
INFO: Refreshing org.springframework.web.context.support.StaticWebApplicationContext@895772a: display name [Root WebApplicationContext]; startup date [Mon Sep 24 13:19:38 CST 2012]; root of context hierarchy
Sep 24, 2012 1:19:38 PM org.springframework.context.support.AbstractApplicationContext obtainFreshBeanFactory
INFO: Bean factory for application context [org.springframework.web.context.support.StaticWebApplicationContext@895772a]: org.springframework.beans.factory.support.DefaultListableBeanFactory@4a582dcc
Sep 24, 2012 1:19:38 PM org.springframework.beans.factory.support.DefaultListableBeanFactory preInstantiateSingletons
INFO: Pre-instantiating singletons in org.springframework.beans.factory.support.DefaultListableBeanFactory@4a582dcc: defining beans [filter,legacy]; root of factory hierarchy
Sep 24, 2012 2:43:03 PM org.apache.catalina.startup.HostConfig checkResources
INFO: Undeploying context [/docs]
Sep 24, 2012 2:43:03 PM org.apache.catalina.loader.WebappClassLoader clearReferencesJdbc
WARNING: JDBC driver de-registration failed for web application [/docs]
java.lang.NullPointerException
	at org.apache.catalina.loader.WebappClassLoader.clearReferencesJdbc(WebappClassLoader.java:2051)
	at org.apache.catalina.loader.WebappClassLoader.clearReferences(WebappClassLoader.java:1987)
	at org.apache.catalina.loader.WebappClassLoader.stop(WebappClassLoader.java:1899)
	at org.apache.catalina.loader.WebappLoader.stopInternal(WebappLoader.java:661)
	at org.apache.catalina.util.LifecycleBase.stop(LifecycleBase.java:232)
	at org.apache.catalina.core.StandardContext.stopInternal(StandardContext.java:5521)
	at org.apache.catalina.util.LifecycleBase.stop(LifecycleBase.java:232)
	at org.apache.catalina.core.ContainerBase.removeChild(ContainerBase.java:1028)
	at org.apache.catalina.startup.HostConfig.checkResources(HostConfig.java:1277)
	at org.apache.catalina.startup.HostConfig.check(HostConfig.java:1451)
	at org.apache.catalina.startup.HostConfig.lifecycleEvent(HostConfig.java:296)
	at org.apache.catalina.util.LifecycleSupport.fireLifecycleEvent(LifecycleSupport.java:119)
	at org.apache.catalina.util.LifecycleBase.fireLifecycleEvent(LifecycleBase.java:90)
	at org.apache.catalina.core.ContainerBase.backgroundProcess(ContainerBase.java:1374)
	at org.apache.catalina.core.ContainerBase$ContainerBackgroundProcessor.processChildren(ContainerBase.java:1530)
	at org.apache.catalina.core.ContainerBase$ContainerBackgroundProcessor.processChildren(ContainerBase.java:1540)
	at org.apache.catalina.core.ContainerBase$ContainerBackgroundProcessor.run(ContainerBase.java:1519)
	at java.lang.Thread.run(Thread.java:662)
Sep 24, 2012 2:43:04 PM org.apache.catalina.startup.HostConfig checkResources
INFO: Undeploying context [/host-manager]
Sep 24, 2012 2:43:04 PM org.apache.catalina.loader.WebappClassLoader clearReferencesJdbc
WARNING: JDBC driver de-registration failed for web application [/host-manager]
java.lang.NullPointerException
	at org.apache.catalina.loader.WebappClassLoader.clearReferencesJdbc(WebappClassLoader.java:2051)
	at org.apache.catalina.loader.WebappClassLoader.clearReferences(WebappClassLoader.java:1987)
	at org.apache.catalina.loader.WebappClassLoader.stop(WebappClassLoader.java:1899)
	at org.apache.catalina.loader.WebappLoader.stopInternal(WebappLoader.java:661)
	at org.apache.catalina.util.LifecycleBase.stop(LifecycleBase.java:232)
	at org.apache.catalina.core.StandardContext.stopInternal(StandardContext.java:5521)
	at org.apache.catalina.util.LifecycleBase.stop(LifecycleBase.java:232)
	at org.apache.catalina.core.ContainerBase.removeChild(ContainerBase.java:1028)
	at org.apache.catalina.startup.HostConfig.checkResources(HostConfig.java:1277)
	at org.apache.catalina.startup.HostConfig.check(HostConfig.java:1451)
	at org.apache.catalina.startup.HostConfig.lifecycleEvent(HostConfig.java:296)
	at org.apache.catalina.util.LifecycleSupport.fireLifecycleEvent(LifecycleSupport.java:119)
	at org.apache.catalina.util.LifecycleBase.fireLifecycleEvent(LifecycleBase.java:90)
	at org.apache.catalina.core.ContainerBase.backgroundProcess(ContainerBase.java:1374)
	at org.apache.catalina.core.ContainerBase$ContainerBackgroundProcessor.processChildren(ContainerBase.java:1530)
	at org.apache.catalina.core.ContainerBase$ContainerBackgroundProcessor.processChildren(ContainerBase.java:1540)
	at org.apache.catalina.core.ContainerBase$ContainerBackgroundProcessor.run(ContainerBase.java:1519)
	at java.lang.Thread.run(Thread.java:662)
Sep 24, 2012 2:43:05 PM org.apache.catalina.startup.HostConfig checkResources
INFO: Undeploying context [/jenkins]
Sep 24, 2012 2:43:05 PM org.apache.catalina.loader.WebappClassLoader clearReferencesJdbc
WARNING: JDBC driver de-registration failed for web application [/jenkins]
java.lang.NullPointerException
	at org.apache.catalina.loader.WebappClassLoader.clearReferencesJdbc(WebappClassLoader.java:2051)
	at org.apache.catalina.loader.WebappClassLoader.clearReferences(WebappClassLoader.java:1987)
	at org.apache.catalina.loader.WebappClassLoader.stop(WebappClassLoader.java:1899)
	at org.apache.catalina.loader.WebappLoader.stopInternal(WebappLoader.java:661)
	at org.apache.catalina.util.LifecycleBase.stop(LifecycleBase.java:232)
	at org.apache.catalina.core.StandardContext.stopInternal(StandardContext.java:5521)
	at org.apache.catalina.util.LifecycleBase.stop(LifecycleBase.java:232)
	at org.apache.catalina.core.ContainerBase.removeChild(ContainerBase.java:1028)
	at org.apache.catalina.startup.HostConfig.checkResources(HostConfig.java:1277)
	at org.apache.catalina.startup.HostConfig.check(HostConfig.java:1451)
	at org.apache.catalina.startup.HostConfig.lifecycleEvent(HostConfig.java:296)
	at org.apache.catalina.util.LifecycleSupport.fireLifecycleEvent(LifecycleSupport.java:119)
	at org.apache.catalina.util.LifecycleBase.fireLifecycleEvent(LifecycleBase.java:90)
	at org.apache.catalina.core.ContainerBase.backgroundProcess(ContainerBase.java:1374)
	at org.apache.catalina.core.ContainerBase$ContainerBackgroundProcessor.processChildren(ContainerBase.java:1530)
	at org.apache.catalina.core.ContainerBase$ContainerBackgroundProcessor.processChildren(ContainerBase.java:1540)
	at org.apache.catalina.core.ContainerBase$ContainerBackgroundProcessor.run(ContainerBase.java:1519)
	at java.lang.Thread.run(Thread.java:662)
Sep 24, 2012 2:43:05 PM org.apache.catalina.loader.WebappClassLoader clearReferencesThreads
SEVERE: The web application [/jenkins] appears to have started a thread named [Jenkins cron thread] but has failed to stop it. This is very likely to create a memory leak.
Sep 24, 2012 2:43:05 PM org.apache.catalina.loader.WebappClassLoader clearReferencesThreads
SEVERE: The web application [/jenkins] appears to have started a thread named [ViewJob reload thread] but has failed to stop it. This is very likely to create a memory leak.
Sep 24, 2012 2:43:05 PM org.apache.catalina.loader.WebappClassLoader clearReferencesThreads
SEVERE: The web application [/jenkins] appears to have started a thread named [pool-8-thread-1] but has failed to stop it. This is very likely to create a memory leak.
Sep 24, 2012 2:43:05 PM org.apache.catalina.loader.WebappClassLoader clearReferencesThreads
SEVERE: The web application [/jenkins] appears to have started a thread named [TCP slave agent listener port=0] but has failed to stop it. This is very likely to create a memory leak.
Sep 24, 2012 2:43:05 PM org.apache.catalina.loader.WebappClassLoader clearReferencesThreads
SEVERE: The web application [/jenkins] appears to have started a thread named [Jenkins UDP 33848 monitoring thread] but has failed to stop it. This is very likely to create a memory leak.
Sep 24, 2012 2:43:05 PM org.apache.catalina.loader.WebappClassLoader clearReferencesThreads
SEVERE: The web application [/jenkins] appears to have started a thread named [SocketListener(e.local.)] but has failed to stop it. This is very likely to create a memory leak.
Sep 24, 2012 2:43:05 PM org.apache.catalina.loader.WebappClassLoader clearReferencesThreads
SEVERE: The web application [/jenkins] appears to have started a thread named [JmDNS(e.local.).Timer] but has failed to stop it. This is very likely to create a memory leak.
Sep 24, 2012 2:43:05 PM org.apache.catalina.loader.WebappClassLoader clearReferencesThreads
SEVERE: The web application [/jenkins] appears to have started a thread named [JmDNS(e.local.).State.Timer] but has failed to stop it. This is very likely to create a memory leak.
Sep 24, 2012 2:43:05 PM org.apache.catalina.loader.WebappClassLoader clearReferencesThreads
SEVERE: The web application [/jenkins] appears to have started a thread named [Executor #0 for master] but has failed to stop it. This is very likely to create a memory leak.
Sep 24, 2012 2:43:05 PM org.apache.catalina.loader.WebappClassLoader clearReferencesThreads
SEVERE: The web application [/jenkins] appears to have started a thread named [Executor #1 for master] but has failed to stop it. This is very likely to create a memory leak.
Sep 24, 2012 2:43:05 PM org.apache.catalina.loader.WebappClassLoader clearReferencesThreads
SEVERE: The web application [/jenkins] appears to have started a thread named [pool-10-thread-1] but has failed to stop it. This is very likely to create a memory leak.
Sep 24, 2012 2:43:05 PM org.apache.catalina.loader.WebappClassLoader checkThreadLocalMapForLeaks
SEVERE: The web application [/jenkins] created a ThreadLocal with key of type [java.lang.ThreadLocal] (value [java.lang.ThreadLocal@10b2d28b]) and a value of type [org.acegisecurity.context.SecurityContextImpl] (value [org.acegisecurity.context.SecurityContextImpl@ffffffff: Null authentication]) but failed to remove it when the web application was stopped. Threads are going to be renewed over time to try and avoid a probable memory leak.
Sep 24, 2012 2:43:05 PM org.apache.catalina.loader.WebappClassLoader checkThreadLocalMapForLeaks
SEVERE: The web application [/jenkins] created a ThreadLocal with key of type [java.lang.ThreadLocal] (value [java.lang.ThreadLocal@10b2d28b]) and a value of type [hudson.security.NotSerilizableSecurityContext] (value [hudson.security.NotSerilizableSecurityContext@1f: Authentication: org.acegisecurity.providers.UsernamePasswordAuthenticationToken@1f: Username: SYSTEM; Password: [PROTECTED]; Authenticated: false; Details: null; Not granted any authorities]) but failed to remove it when the web application was stopped. Threads are going to be renewed over time to try and avoid a probable memory leak.
Sep 24, 2012 2:43:05 PM org.apache.catalina.loader.WebappClassLoader checkThreadLocalMapForLeaks
SEVERE: The web application [/jenkins] created a ThreadLocal with key of type [java.lang.ThreadLocal] (value [java.lang.ThreadLocal@10b2d28b]) and a value of type [hudson.security.NotSerilizableSecurityContext] (value [hudson.security.NotSerilizableSecurityContext@1f: Authentication: org.acegisecurity.providers.UsernamePasswordAuthenticationToken@1f: Username: SYSTEM; Password: [PROTECTED]; Authenticated: false; Details: null; Not granted any authorities]) but failed to remove it when the web application was stopped. Threads are going to be renewed over time to try and avoid a probable memory leak.
Sep 24, 2012 2:43:05 PM org.apache.catalina.loader.WebappClassLoader checkThreadLocalMapForLeaks
SEVERE: The web application [/jenkins] created a ThreadLocal with key of type [com.google.inject.internal.InjectorImpl$1] (value [com.google.inject.internal.InjectorImpl$1@4c1cac3d]) and a value of type [java.lang.Object[]] (value [[Ljava.lang.Object;@6e6fffd4]) but failed to remove it when the web application was stopped. Threads are going to be renewed over time to try and avoid a probable memory leak.
Sep 24, 2012 2:43:05 PM org.apache.catalina.core.ContainerBase removeChild
SEVERE: ContainerBase.removeChild: stop: 
org.apache.catalina.LifecycleException: Failed to stop component [StandardEngine[Catalina].StandardHost[localhost].StandardContext[/jenkins]]
	at org.apache.catalina.util.LifecycleBase.stop(LifecycleBase.java:236)
	at org.apache.catalina.core.ContainerBase.removeChild(ContainerBase.java:1028)
	at org.apache.catalina.startup.HostConfig.checkResources(HostConfig.java:1277)
	at org.apache.catalina.startup.HostConfig.check(HostConfig.java:1451)
	at org.apache.catalina.startup.HostConfig.lifecycleEvent(HostConfig.java:296)
	at org.apache.catalina.util.LifecycleSupport.fireLifecycleEvent(LifecycleSupport.java:119)
	at org.apache.catalina.util.LifecycleBase.fireLifecycleEvent(LifecycleBase.java:90)
	at org.apache.catalina.core.ContainerBase.backgroundProcess(ContainerBase.java:1374)
	at org.apache.catalina.core.ContainerBase$ContainerBackgroundProcessor.processChildren(ContainerBase.java:1530)
	at org.apache.catalina.core.ContainerBase$ContainerBackgroundProcessor.processChildren(ContainerBase.java:1540)
	at org.apache.catalina.core.ContainerBase$ContainerBackgroundProcessor.run(ContainerBase.java:1519)
	at java.lang.Thread.run(Thread.java:662)
Caused by: org.apache.catalina.LifecycleException: Failed to stop component [WebappLoader[/jenkins]]
	at org.apache.catalina.util.LifecycleBase.stop(LifecycleBase.java:236)
	at org.apache.catalina.core.StandardContext.stopInternal(StandardContext.java:5521)
	at org.apache.catalina.util.LifecycleBase.stop(LifecycleBase.java:232)
	... 11 more
Caused by: java.lang.NoClassDefFoundError: org/codehaus/groovy/runtime/GroovyCategorySupport$1
	at java.lang.Class.getDeclaringClass(Native Method)
	at java.lang.Class.getEnclosingClass(Class.java:1085)
	at java.lang.Class.getCanonicalName(Class.java:1169)
	at org.apache.catalina.loader.WebappClassLoader.getPrettyClassName(WebappClassLoader.java:2561)
	at org.apache.catalina.loader.WebappClassLoader.checkThreadLocalMapForLeaks(WebappClassLoader.java:2519)
	at org.apache.catalina.loader.WebappClassLoader.checkThreadLocalsForLeaks(WebappClassLoader.java:2452)
	at org.apache.catalina.loader.WebappClassLoader.clearReferences(WebappClassLoader.java:1993)
	at org.apache.catalina.loader.WebappClassLoader.stop(WebappClassLoader.java:1899)
	at org.apache.catalina.loader.WebappLoader.stopInternal(WebappLoader.java:661)
	at org.apache.catalina.util.LifecycleBase.stop(LifecycleBase.java:232)
	... 13 more
Caused by: java.lang.ClassNotFoundException: org.codehaus.groovy.runtime.GroovyCategorySupport$1
	at org.apache.catalina.loader.WebappClassLoader.loadClass(WebappClassLoader.java:1711)
	at org.apache.catalina.loader.WebappClassLoader.loadClass(WebappClassLoader.java:1556)
	... 23 more
Sep 24, 2012 2:43:05 PM org.apache.catalina.util.LifecycleBase stop
INFO: The stop() method was called on component [org.apache.catalina.deploy.NamingResources@10d0c3d5] after stop() had already been called. The second call will be ignored.
Sep 24, 2012 2:43:05 PM org.apache.catalina.loader.WebappClassLoader clearReferencesJdbc
WARNING: JDBC driver de-registration failed for web application [/jenkins]
java.lang.NullPointerException
	at org.apache.catalina.loader.WebappClassLoader.clearReferencesJdbc(WebappClassLoader.java:2051)
	at org.apache.catalina.loader.WebappClassLoader.clearReferences(WebappClassLoader.java:1987)
	at org.apache.catalina.loader.WebappClassLoader.stop(WebappClassLoader.java:1899)
	at org.apache.catalina.loader.WebappLoader.stopInternal(WebappLoader.java:661)
	at org.apache.catalina.util.LifecycleBase.stop(LifecycleBase.java:232)
	at org.apache.catalina.core.StandardContext.stopInternal(StandardContext.java:5521)
	at org.apache.catalina.util.LifecycleBase.stop(LifecycleBase.java:232)
	at org.apache.catalina.util.LifecycleBase.destroy(LifecycleBase.java:272)
	at org.apache.catalina.core.ContainerBase.removeChild(ContainerBase.java:1041)
	at org.apache.catalina.startup.HostConfig.checkResources(HostConfig.java:1277)
	at org.apache.catalina.startup.HostConfig.check(HostConfig.java:1451)
	at org.apache.catalina.startup.HostConfig.lifecycleEvent(HostConfig.java:296)
	at org.apache.catalina.util.LifecycleSupport.fireLifecycleEvent(LifecycleSupport.java:119)
	at org.apache.catalina.util.LifecycleBase.fireLifecycleEvent(LifecycleBase.java:90)
	at org.apache.catalina.core.ContainerBase.backgroundProcess(ContainerBase.java:1374)
	at org.apache.catalina.core.ContainerBase$ContainerBackgroundProcessor.processChildren(ContainerBase.java:1530)
	at org.apache.catalina.core.ContainerBase$ContainerBackgroundProcessor.processChildren(ContainerBase.java:1540)
	at org.apache.catalina.core.ContainerBase$ContainerBackgroundProcessor.run(ContainerBase.java:1519)
	at java.lang.Thread.run(Thread.java:662)
Sep 24, 2012 2:43:05 PM org.apache.catalina.loader.WebappClassLoader clearReferencesThreads
SEVERE: The web application [/jenkins] appears to have started a thread named [Jenkins cron thread] but has failed to stop it. This is very likely to create a memory leak.
Sep 24, 2012 2:43:05 PM org.apache.catalina.loader.WebappClassLoader clearReferencesThreads
SEVERE: The web application [/jenkins] appears to have started a thread named [ViewJob reload thread] but has failed to stop it. This is very likely to create a memory leak.
Sep 24, 2012 2:43:05 PM org.apache.catalina.loader.WebappClassLoader clearReferencesThreads
SEVERE: The web application [/jenkins] appears to have started a thread named [pool-8-thread-1] but has failed to stop it. This is very likely to create a memory leak.
Sep 24, 2012 2:43:05 PM org.apache.catalina.loader.WebappClassLoader clearReferencesThreads
SEVERE: The web application [/jenkins] appears to have started a thread named [TCP slave agent listener port=0] but has failed to stop it. This is very likely to create a memory leak.
Sep 24, 2012 2:43:05 PM org.apache.catalina.loader.WebappClassLoader clearReferencesThreads
SEVERE: The web application [/jenkins] appears to have started a thread named [Jenkins UDP 33848 monitoring thread] but has failed to stop it. This is very likely to create a memory leak.
Sep 24, 2012 2:43:05 PM org.apache.catalina.loader.WebappClassLoader clearReferencesThreads
SEVERE: The web application [/jenkins] appears to have started a thread named [SocketListener(e.local.)] but has failed to stop it. This is very likely to create a memory leak.
Sep 24, 2012 2:43:05 PM org.apache.catalina.loader.WebappClassLoader clearReferencesThreads
SEVERE: The web application [/jenkins] appears to have started a thread named [JmDNS(e.local.).Timer] but has failed to stop it. This is very likely to create a memory leak.
Sep 24, 2012 2:43:05 PM org.apache.catalina.loader.WebappClassLoader clearReferencesThreads
SEVERE: The web application [/jenkins] appears to have started a thread named [JmDNS(e.local.).State.Timer] but has failed to stop it. This is very likely to create a memory leak.
Sep 24, 2012 2:43:05 PM org.apache.catalina.loader.WebappClassLoader clearReferencesThreads
SEVERE: The web application [/jenkins] appears to have started a thread named [Executor #0 for master] but has failed to stop it. This is very likely to create a memory leak.
Sep 24, 2012 2:43:05 PM org.apache.catalina.loader.WebappClassLoader clearReferencesThreads
SEVERE: The web application [/jenkins] appears to have started a thread named [Executor #1 for master] but has failed to stop it. This is very likely to create a memory leak.
Sep 24, 2012 2:43:05 PM org.apache.catalina.loader.WebappClassLoader clearReferencesThreads
SEVERE: The web application [/jenkins] appears to have started a thread named [pool-10-thread-1] but has failed to stop it. This is very likely to create a memory leak.
Sep 24, 2012 2:43:05 PM org.apache.catalina.loader.WebappClassLoader checkThreadLocalMapForLeaks
SEVERE: The web application [/jenkins] created a ThreadLocal with key of type [java.lang.ThreadLocal] (value [java.lang.ThreadLocal@10b2d28b]) and a value of type [org.acegisecurity.context.SecurityContextImpl] (value [org.acegisecurity.context.SecurityContextImpl@ffffffff: Null authentication]) but failed to remove it when the web application was stopped. Threads are going to be renewed over time to try and avoid a probable memory leak.
Sep 24, 2012 2:43:05 PM org.apache.catalina.loader.WebappClassLoader checkThreadLocalMapForLeaks
SEVERE: The web application [/jenkins] created a ThreadLocal with key of type [java.lang.ThreadLocal] (value [java.lang.ThreadLocal@10b2d28b]) and a value of type [hudson.security.NotSerilizableSecurityContext] (value [hudson.security.NotSerilizableSecurityContext@1f: Authentication: org.acegisecurity.providers.UsernamePasswordAuthenticationToken@1f: Username: SYSTEM; Password: [PROTECTED]; Authenticated: false; Details: null; Not granted any authorities]) but failed to remove it when the web application was stopped. Threads are going to be renewed over time to try and avoid a probable memory leak.
Sep 24, 2012 2:43:05 PM org.apache.catalina.loader.WebappClassLoader checkThreadLocalMapForLeaks
SEVERE: The web application [/jenkins] created a ThreadLocal with key of type [java.lang.ThreadLocal] (value [java.lang.ThreadLocal@10b2d28b]) and a value of type [hudson.security.NotSerilizableSecurityContext] (value [hudson.security.NotSerilizableSecurityContext@1f: Authentication: org.acegisecurity.providers.UsernamePasswordAuthenticationToken@1f: Username: SYSTEM; Password: [PROTECTED]; Authenticated: false; Details: null; Not granted any authorities]) but failed to remove it when the web application was stopped. Threads are going to be renewed over time to try and avoid a probable memory leak.
Sep 24, 2012 2:43:05 PM org.apache.catalina.loader.WebappClassLoader checkThreadLocalMapForLeaks
SEVERE: The web application [/jenkins] created a ThreadLocal with key of type [com.google.inject.internal.InjectorImpl$1] (value [com.google.inject.internal.InjectorImpl$1@4c1cac3d]) and a value of type [java.lang.Object[]] (value [[Ljava.lang.Object;@6e6fffd4]) but failed to remove it when the web application was stopped. Threads are going to be renewed over time to try and avoid a probable memory leak.
Sep 24, 2012 2:43:05 PM org.apache.catalina.util.LifecycleBase destroy
WARNING: Calling stop() on failed component [{0}] to trigger clean-up did not complete.
org.apache.catalina.LifecycleException: Failed to stop component [StandardEngine[Catalina].StandardHost[localhost].StandardContext[/jenkins]]
	at org.apache.catalina.util.LifecycleBase.stop(LifecycleBase.java:236)
	at org.apache.catalina.util.LifecycleBase.destroy(LifecycleBase.java:272)
	at org.apache.catalina.core.ContainerBase.removeChild(ContainerBase.java:1041)
	at org.apache.catalina.startup.HostConfig.checkResources(HostConfig.java:1277)
	at org.apache.catalina.startup.HostConfig.check(HostConfig.java:1451)
	at org.apache.catalina.startup.HostConfig.lifecycleEvent(HostConfig.java:296)
	at org.apache.catalina.util.LifecycleSupport.fireLifecycleEvent(LifecycleSupport.java:119)
	at org.apache.catalina.util.LifecycleBase.fireLifecycleEvent(LifecycleBase.java:90)
	at org.apache.catalina.core.ContainerBase.backgroundProcess(ContainerBase.java:1374)
	at org.apache.catalina.core.ContainerBase$ContainerBackgroundProcessor.processChildren(ContainerBase.java:1530)
	at org.apache.catalina.core.ContainerBase$ContainerBackgroundProcessor.processChildren(ContainerBase.java:1540)
	at org.apache.catalina.core.ContainerBase$ContainerBackgroundProcessor.run(ContainerBase.java:1519)
	at java.lang.Thread.run(Thread.java:662)
Caused by: org.apache.catalina.LifecycleException: Failed to stop component [WebappLoader[/jenkins]]
	at org.apache.catalina.util.LifecycleBase.stop(LifecycleBase.java:236)
	at org.apache.catalina.core.StandardContext.stopInternal(StandardContext.java:5521)
	at org.apache.catalina.util.LifecycleBase.stop(LifecycleBase.java:232)
	... 12 more
Caused by: java.lang.NoClassDefFoundError: org/codehaus/groovy/runtime/GroovyCategorySupport$1
	at java.lang.Class.getDeclaringClass(Native Method)
	at java.lang.Class.getEnclosingClass(Class.java:1085)
	at java.lang.Class.getCanonicalName(Class.java:1169)
	at org.apache.catalina.loader.WebappClassLoader.getPrettyClassName(WebappClassLoader.java:2561)
	at org.apache.catalina.loader.WebappClassLoader.checkThreadLocalMapForLeaks(WebappClassLoader.java:2519)
	at org.apache.catalina.loader.WebappClassLoader.checkThreadLocalsForLeaks(WebappClassLoader.java:2452)
	at org.apache.catalina.loader.WebappClassLoader.clearReferences(WebappClassLoader.java:1993)
	at org.apache.catalina.loader.WebappClassLoader.stop(WebappClassLoader.java:1899)
	at org.apache.catalina.loader.WebappLoader.stopInternal(WebappLoader.java:661)
	at org.apache.catalina.util.LifecycleBase.stop(LifecycleBase.java:232)
	... 14 more
Sep 24, 2012 2:43:05 PM org.apache.catalina.loader.WebappClassLoader clearReferencesJdbc
WARNING: JDBC driver de-registration failed for web application [/jenkins]
java.lang.NullPointerException
	at org.apache.catalina.loader.WebappClassLoader.clearReferencesJdbc(WebappClassLoader.java:2051)
	at org.apache.catalina.loader.WebappClassLoader.clearReferences(WebappClassLoader.java:1987)
	at org.apache.catalina.loader.WebappClassLoader.stop(WebappClassLoader.java:1899)
	at org.apache.catalina.loader.WebappLoader.stopInternal(WebappLoader.java:661)
	at org.apache.catalina.util.LifecycleBase.stop(LifecycleBase.java:232)
	at org.apache.catalina.util.LifecycleBase.destroy(LifecycleBase.java:272)
	at org.apache.catalina.core.ContainerBase.destroyInternal(ContainerBase.java:1224)
	at org.apache.catalina.core.StandardContext.destroyInternal(StandardContext.java:5590)
	at org.apache.catalina.util.LifecycleBase.destroy(LifecycleBase.java:304)
	at org.apache.catalina.core.ContainerBase.removeChild(ContainerBase.java:1041)
	at org.apache.catalina.startup.HostConfig.checkResources(HostConfig.java:1277)
	at org.apache.catalina.startup.HostConfig.check(HostConfig.java:1451)
	at org.apache.catalina.startup.HostConfig.lifecycleEvent(HostConfig.java:296)
	at org.apache.catalina.util.LifecycleSupport.fireLifecycleEvent(LifecycleSupport.java:119)
	at org.apache.catalina.util.LifecycleBase.fireLifecycleEvent(LifecycleBase.java:90)
	at org.apache.catalina.core.ContainerBase.backgroundProcess(ContainerBase.java:1374)
	at org.apache.catalina.core.ContainerBase$ContainerBackgroundProcessor.processChildren(ContainerBase.java:1530)
	at org.apache.catalina.core.ContainerBase$ContainerBackgroundProcessor.processChildren(ContainerBase.java:1540)
	at org.apache.catalina.core.ContainerBase$ContainerBackgroundProcessor.run(ContainerBase.java:1519)
	at java.lang.Thread.run(Thread.java:662)
Sep 24, 2012 2:43:05 PM org.apache.catalina.loader.WebappClassLoader clearReferencesThreads
SEVERE: The web application [/jenkins] appears to have started a thread named [Jenkins cron thread] but has failed to stop it. This is very likely to create a memory leak.
Sep 24, 2012 2:43:05 PM org.apache.catalina.loader.WebappClassLoader clearReferencesThreads
SEVERE: The web application [/jenkins] appears to have started a thread named [ViewJob reload thread] but has failed to stop it. This is very likely to create a memory leak.
Sep 24, 2012 2:43:05 PM org.apache.catalina.loader.WebappClassLoader clearReferencesThreads
SEVERE: The web application [/jenkins] appears to have started a thread named [pool-8-thread-1] but has failed to stop it. This is very likely to create a memory leak.
Sep 24, 2012 2:43:05 PM org.apache.catalina.loader.WebappClassLoader clearReferencesThreads
SEVERE: The web application [/jenkins] appears to have started a thread named [TCP slave agent listener port=0] but has failed to stop it. This is very likely to create a memory leak.
Sep 24, 2012 2:43:05 PM org.apache.catalina.loader.WebappClassLoader clearReferencesThreads
SEVERE: The web application [/jenkins] appears to have started a thread named [Jenkins UDP 33848 monitoring thread] but has failed to stop it. This is very likely to create a memory leak.
Sep 24, 2012 2:43:05 PM org.apache.catalina.loader.WebappClassLoader clearReferencesThreads
SEVERE: The web application [/jenkins] appears to have started a thread named [SocketListener(e.local.)] but has failed to stop it. This is very likely to create a memory leak.
Sep 24, 2012 2:43:05 PM org.apache.catalina.loader.WebappClassLoader clearReferencesThreads
SEVERE: The web application [/jenkins] appears to have started a thread named [JmDNS(e.local.).Timer] but has failed to stop it. This is very likely to create a memory leak.
Sep 24, 2012 2:43:05 PM org.apache.catalina.loader.WebappClassLoader clearReferencesThreads
SEVERE: The web application [/jenkins] appears to have started a thread named [JmDNS(e.local.).State.Timer] but has failed to stop it. This is very likely to create a memory leak.
Sep 24, 2012 2:43:05 PM org.apache.catalina.loader.WebappClassLoader clearReferencesThreads
SEVERE: The web application [/jenkins] appears to have started a thread named [Executor #0 for master] but has failed to stop it. This is very likely to create a memory leak.
Sep 24, 2012 2:43:05 PM org.apache.catalina.loader.WebappClassLoader clearReferencesThreads
SEVERE: The web application [/jenkins] appears to have started a thread named [Executor #1 for master] but has failed to stop it. This is very likely to create a memory leak.
Sep 24, 2012 2:43:05 PM org.apache.catalina.loader.WebappClassLoader clearReferencesThreads
SEVERE: The web application [/jenkins] appears to have started a thread named [pool-10-thread-1] but has failed to stop it. This is very likely to create a memory leak.
Sep 24, 2012 2:43:05 PM org.apache.catalina.loader.WebappClassLoader checkThreadLocalMapForLeaks
SEVERE: The web application [/jenkins] created a ThreadLocal with key of type [java.lang.ThreadLocal] (value [java.lang.ThreadLocal@10b2d28b]) and a value of type [org.acegisecurity.context.SecurityContextImpl] (value [org.acegisecurity.context.SecurityContextImpl@ffffffff: Null authentication]) but failed to remove it when the web application was stopped. Threads are going to be renewed over time to try and avoid a probable memory leak.
Sep 24, 2012 2:43:05 PM org.apache.catalina.loader.WebappClassLoader checkThreadLocalMapForLeaks
SEVERE: The web application [/jenkins] created a ThreadLocal with key of type [java.lang.ThreadLocal] (value [java.lang.ThreadLocal@10b2d28b]) and a value of type [hudson.security.NotSerilizableSecurityContext] (value [hudson.security.NotSerilizableSecurityContext@1f: Authentication: org.acegisecurity.providers.UsernamePasswordAuthenticationToken@1f: Username: SYSTEM; Password: [PROTECTED]; Authenticated: false; Details: null; Not granted any authorities]) but failed to remove it when the web application was stopped. Threads are going to be renewed over time to try and avoid a probable memory leak.
Sep 24, 2012 2:43:05 PM org.apache.catalina.loader.WebappClassLoader checkThreadLocalMapForLeaks
SEVERE: The web application [/jenkins] created a ThreadLocal with key of type [java.lang.ThreadLocal] (value [java.lang.ThreadLocal@10b2d28b]) and a value of type [hudson.security.NotSerilizableSecurityContext] (value [hudson.security.NotSerilizableSecurityContext@1f: Authentication: org.acegisecurity.providers.UsernamePasswordAuthenticationToken@1f: Username: SYSTEM; Password: [PROTECTED]; Authenticated: false; Details: null; Not granted any authorities]) but failed to remove it when the web application was stopped. Threads are going to be renewed over time to try and avoid a probable memory leak.
Sep 24, 2012 2:43:05 PM org.apache.catalina.loader.WebappClassLoader checkThreadLocalMapForLeaks
SEVERE: The web application [/jenkins] created a ThreadLocal with key of type [com.google.inject.internal.InjectorImpl$1] (value [com.google.inject.internal.InjectorImpl$1@4c1cac3d]) and a value of type [java.lang.Object[]] (value [[Ljava.lang.Object;@6e6fffd4]) but failed to remove it when the web application was stopped. Threads are going to be renewed over time to try and avoid a probable memory leak.
Sep 24, 2012 2:43:05 PM org.apache.catalina.util.LifecycleBase destroy
WARNING: Calling stop() on failed component [{0}] to trigger clean-up did not complete.
org.apache.catalina.LifecycleException: Failed to stop component [WebappLoader[/jenkins]]
	at org.apache.catalina.util.LifecycleBase.stop(LifecycleBase.java:236)
	at org.apache.catalina.util.LifecycleBase.destroy(LifecycleBase.java:272)
	at org.apache.catalina.core.ContainerBase.destroyInternal(ContainerBase.java:1224)
	at org.apache.catalina.core.StandardContext.destroyInternal(StandardContext.java:5590)
	at org.apache.catalina.util.LifecycleBase.destroy(LifecycleBase.java:304)
	at org.apache.catalina.core.ContainerBase.removeChild(ContainerBase.java:1041)
	at org.apache.catalina.startup.HostConfig.checkResources(HostConfig.java:1277)
	at org.apache.catalina.startup.HostConfig.check(HostConfig.java:1451)
	at org.apache.catalina.startup.HostConfig.lifecycleEvent(HostConfig.java:296)
	at org.apache.catalina.util.LifecycleSupport.fireLifecycleEvent(LifecycleSupport.java:119)
	at org.apache.catalina.util.LifecycleBase.fireLifecycleEvent(LifecycleBase.java:90)
	at org.apache.catalina.core.ContainerBase.backgroundProcess(ContainerBase.java:1374)
	at org.apache.catalina.core.ContainerBase$ContainerBackgroundProcessor.processChildren(ContainerBase.java:1530)
	at org.apache.catalina.core.ContainerBase$ContainerBackgroundProcessor.processChildren(ContainerBase.java:1540)
	at org.apache.catalina.core.ContainerBase$ContainerBackgroundProcessor.run(ContainerBase.java:1519)
	at java.lang.Thread.run(Thread.java:662)
Caused by: java.lang.NoClassDefFoundError: org/codehaus/groovy/runtime/GroovyCategorySupport$1
	at java.lang.Class.getDeclaringClass(Native Method)
	at java.lang.Class.getEnclosingClass(Class.java:1085)
	at java.lang.Class.getCanonicalName(Class.java:1169)
	at org.apache.catalina.loader.WebappClassLoader.getPrettyClassName(WebappClassLoader.java:2561)
	at org.apache.catalina.loader.WebappClassLoader.checkThreadLocalMapForLeaks(WebappClassLoader.java:2519)
	at org.apache.catalina.loader.WebappClassLoader.checkThreadLocalsForLeaks(WebappClassLoader.java:2452)
	at org.apache.catalina.loader.WebappClassLoader.clearReferences(WebappClassLoader.java:1993)
	at org.apache.catalina.loader.WebappClassLoader.stop(WebappClassLoader.java:1899)
	at org.apache.catalina.loader.WebappLoader.stopInternal(WebappLoader.java:661)
	at org.apache.catalina.util.LifecycleBase.stop(LifecycleBase.java:232)
	... 15 more
Sep 24, 2012 2:43:05 PM org.apache.catalina.startup.HostConfig checkResources
INFO: Undeploying context []
Sep 24, 2012 2:43:05 PM org.apache.catalina.loader.WebappClassLoader clearReferencesJdbc
WARNING: JDBC driver de-registration failed for web application []
java.lang.NullPointerException
	at org.apache.catalina.loader.WebappClassLoader.clearReferencesJdbc(WebappClassLoader.java:2051)
	at org.apache.catalina.loader.WebappClassLoader.clearReferences(WebappClassLoader.java:1987)
	at org.apache.catalina.loader.WebappClassLoader.stop(WebappClassLoader.java:1899)
	at org.apache.catalina.loader.WebappLoader.stopInternal(WebappLoader.java:661)
	at org.apache.catalina.util.LifecycleBase.stop(LifecycleBase.java:232)
	at org.apache.catalina.core.StandardContext.stopInternal(StandardContext.java:5521)
	at org.apache.catalina.util.LifecycleBase.stop(LifecycleBase.java:232)
	at org.apache.catalina.core.ContainerBase.removeChild(ContainerBase.java:1028)
	at org.apache.catalina.startup.HostConfig.checkResources(HostConfig.java:1277)
	at org.apache.catalina.startup.HostConfig.check(HostConfig.java:1451)
	at org.apache.catalina.startup.HostConfig.lifecycleEvent(HostConfig.java:296)
	at org.apache.catalina.util.LifecycleSupport.fireLifecycleEvent(LifecycleSupport.java:119)
	at org.apache.catalina.util.LifecycleBase.fireLifecycleEvent(LifecycleBase.java:90)
	at org.apache.catalina.core.ContainerBase.backgroundProcess(ContainerBase.java:1374)
	at org.apache.catalina.core.ContainerBase$ContainerBackgroundProcessor.processChildren(ContainerBase.java:1530)
	at org.apache.catalina.core.ContainerBase$ContainerBackgroundProcessor.processChildren(ContainerBase.java:1540)
	at org.apache.catalina.core.ContainerBase$ContainerBackgroundProcessor.run(ContainerBase.java:1519)
	at java.lang.Thread.run(Thread.java:662)
Sep 24, 2012 2:43:06 PM org.apache.catalina.startup.HostConfig checkResources
INFO: Undeploying context [/examples]
Sep 24, 2012 2:43:06 PM org.apache.catalina.loader.WebappClassLoader clearReferencesJdbc
WARNING: JDBC driver de-registration failed for web application [/examples]
java.lang.NullPointerException
	at org.apache.catalina.loader.WebappClassLoader.clearReferencesJdbc(WebappClassLoader.java:2051)
	at org.apache.catalina.loader.WebappClassLoader.clearReferences(WebappClassLoader.java:1987)
	at org.apache.catalina.loader.WebappClassLoader.stop(WebappClassLoader.java:1899)
	at org.apache.catalina.loader.WebappLoader.stopInternal(WebappLoader.java:661)
	at org.apache.catalina.util.LifecycleBase.stop(LifecycleBase.java:232)
	at org.apache.catalina.core.StandardContext.stopInternal(StandardContext.java:5521)
	at org.apache.catalina.util.LifecycleBase.stop(LifecycleBase.java:232)
	at org.apache.catalina.core.ContainerBase.removeChild(ContainerBase.java:1028)
	at org.apache.catalina.startup.HostConfig.checkResources(HostConfig.java:1277)
	at org.apache.catalina.startup.HostConfig.check(HostConfig.java:1451)
	at org.apache.catalina.startup.HostConfig.lifecycleEvent(HostConfig.java:296)
	at org.apache.catalina.util.LifecycleSupport.fireLifecycleEvent(LifecycleSupport.java:119)
	at org.apache.catalina.util.LifecycleBase.fireLifecycleEvent(LifecycleBase.java:90)
	at org.apache.catalina.core.ContainerBase.backgroundProcess(ContainerBase.java:1374)
	at org.apache.catalina.core.ContainerBase$ContainerBackgroundProcessor.processChildren(ContainerBase.java:1530)
	at org.apache.catalina.core.ContainerBase$ContainerBackgroundProcessor.processChildren(ContainerBase.java:1540)
	at org.apache.catalina.core.ContainerBase$ContainerBackgroundProcessor.run(ContainerBase.java:1519)
	at java.lang.Thread.run(Thread.java:662)
Sep 24, 2012 2:43:07 PM org.apache.catalina.startup.HostConfig checkResources
INFO: Undeploying context [/manager]
Sep 24, 2012 2:43:07 PM org.apache.catalina.loader.WebappClassLoader clearReferencesJdbc
WARNING: JDBC driver de-registration failed for web application [/manager]
java.lang.NullPointerException
	at org.apache.catalina.loader.WebappClassLoader.clearReferencesJdbc(WebappClassLoader.java:2051)
	at org.apache.catalina.loader.WebappClassLoader.clearReferences(WebappClassLoader.java:1987)
	at org.apache.catalina.loader.WebappClassLoader.stop(WebappClassLoader.java:1899)
	at org.apache.catalina.loader.WebappLoader.stopInternal(WebappLoader.java:661)
	at org.apache.catalina.util.LifecycleBase.stop(LifecycleBase.java:232)
	at org.apache.catalina.core.StandardContext.stopInternal(StandardContext.java:5521)
	at org.apache.catalina.util.LifecycleBase.stop(LifecycleBase.java:232)
	at org.apache.catalina.core.ContainerBase.removeChild(ContainerBase.java:1028)
	at org.apache.catalina.startup.HostConfig.checkResources(HostConfig.java:1277)
	at org.apache.catalina.startup.HostConfig.check(HostConfig.java:1451)
	at org.apache.catalina.startup.HostConfig.lifecycleEvent(HostConfig.java:296)
	at org.apache.catalina.util.LifecycleSupport.fireLifecycleEvent(LifecycleSupport.java:119)
	at org.apache.catalina.util.LifecycleBase.fireLifecycleEvent(LifecycleBase.java:90)
	at org.apache.catalina.core.ContainerBase.backgroundProcess(ContainerBase.java:1374)
	at org.apache.catalina.core.ContainerBase$ContainerBackgroundProcessor.processChildren(ContainerBase.java:1530)
	at org.apache.catalina.core.ContainerBase$ContainerBackgroundProcessor.processChildren(ContainerBase.java:1540)
	at org.apache.catalina.core.ContainerBase$ContainerBackgroundProcessor.run(ContainerBase.java:1519)
	at java.lang.Thread.run(Thread.java:662)
Sep 24, 2012 2:59:45 PM hudson.diagnosis.HudsonHomeDiskUsageChecker doRun
INFO: JENKINS_HOME disk usage information isn't available. aborting to monitor
Sep 24, 2012 3:04:18 PM org.apache.catalina.startup.HostConfig deployDescriptor
INFO: Deploying configuration descriptor /opt/jenkins/apache-tomcat/conf/Catalina/localhost/jenkins.xml
Sep 24, 2012 3:04:20 PM org.apache.catalina.startup.HostConfig deployDirectory
INFO: Deploying web application directory /opt/jenkins/apache-tomcat/webapps/host-manager
Sep 24, 2012 3:04:20 PM org.apache.catalina.startup.HostConfig deployDirectory
INFO: Deploying web application directory /opt/jenkins/apache-tomcat/webapps/manager
Sep 24, 2012 3:04:20 PM org.apache.catalina.startup.HostConfig deployDirectory
INFO: Deploying web application directory /opt/jenkins/apache-tomcat/webapps/docs
Sep 24, 2012 3:04:20 PM org.apache.catalina.startup.HostConfig deployDirectory
INFO: Deploying web application directory /opt/jenkins/apache-tomcat/webapps/ROOT
Sep 24, 2012 3:04:20 PM org.apache.catalina.startup.HostConfig deployDirectory
INFO: Deploying web application directory /opt/jenkins/apache-tomcat/webapps/examples
Sep 24, 2012 3:04:20 PM jenkins.InitReactorRunner$1 onAttained
INFO: Started initialization
Sep 24, 2012 3:04:20 PM jenkins.InitReactorRunner$1 onAttained
INFO: Listed all plugins
Sep 24, 2012 3:04:21 PM jenkins.InitReactorRunner$1 onAttained
INFO: Prepared all plugins
Sep 24, 2012 3:04:21 PM jenkins.InitReactorRunner$1 onAttained
INFO: Started all plugins
Sep 24, 2012 3:04:21 PM jenkins.InitReactorRunner$1 onAttained
INFO: Augmented all extensions
Sep 24, 2012 3:04:21 PM jenkins.InitReactorRunner$1 onAttained
INFO: Loaded all jobs
Sep 24, 2012 3:04:24 PM org.apache.sshd.common.util.SecurityUtils$BouncyCastleRegistration run
INFO: BouncyCastle already registered as a JCE provider
Sep 24, 2012 3:04:24 PM org.jenkinsci.main.modules.sshd.SSHD start
INFO: Started SSHD at port 41869
Sep 24, 2012 3:04:24 PM jenkins.InitReactorRunner$1 onAttained
INFO: Completed initialization
Sep 24, 2012 3:04:25 PM org.springframework.context.support.AbstractApplicationContext prepareRefresh
INFO: Refreshing org.springframework.web.context.support.StaticWebApplicationContext@250f9a46: display name [Root WebApplicationContext]; startup date [Mon Sep 24 15:04:25 CST 2012]; root of context hierarchy
Sep 24, 2012 3:04:25 PM org.springframework.context.support.AbstractApplicationContext obtainFreshBeanFactory
INFO: Bean factory for application context [org.springframework.web.context.support.StaticWebApplicationContext@250f9a46]: org.springframework.beans.factory.support.DefaultListableBeanFactory@26b1fba0
Sep 24, 2012 3:04:25 PM org.springframework.beans.factory.support.DefaultListableBeanFactory preInstantiateSingletons
INFO: Pre-instantiating singletons in org.springframework.beans.factory.support.DefaultListableBeanFactory@26b1fba0: defining beans [authenticationManager]; root of factory hierarchy
Sep 24, 2012 3:04:25 PM org.springframework.context.support.AbstractApplicationContext prepareRefresh
INFO: Refreshing org.springframework.web.context.support.StaticWebApplicationContext@764e62cc: display name [Root WebApplicationContext]; startup date [Mon Sep 24 15:04:25 CST 2012]; root of context hierarchy
Sep 24, 2012 3:04:25 PM org.springframework.context.support.AbstractApplicationContext obtainFreshBeanFactory
INFO: Bean factory for application context [org.springframework.web.context.support.StaticWebApplicationContext@764e62cc]: org.springframework.beans.factory.support.DefaultListableBeanFactory@66422309
Sep 24, 2012 3:04:25 PM org.springframework.beans.factory.support.DefaultListableBeanFactory preInstantiateSingletons
INFO: Pre-instantiating singletons in org.springframework.beans.factory.support.DefaultListableBeanFactory@66422309: defining beans [filter,legacy]; root of factory hierarchy
Sep 24, 2012 3:04:25 PM hudson.TcpSlaveAgentListener <init>
INFO: JNLP slave agent listener started on TCP port 52944
Sep 24, 2012 3:04:25 PM hudson.WebAppMain$2 run
INFO: Jenkins is fully up and running
