Sep 24, 2012 1:19:32 PM org.apache.catalina.core.ApplicationContext log
INFO: ContextListener: contextInitialized()
Sep 24, 2012 1:19:32 PM org.apache.catalina.core.ApplicationContext log
INFO: SessionListener: contextInitialized()
Sep 24, 2012 1:19:32 PM org.apache.catalina.core.ApplicationContext log
INFO: ContextListener: attributeAdded('org.apache.jasper.compiler.TldLocationsCache', 'org.apache.jasper.compiler.TldLocationsCache@219baf0b')
Sep 24, 2012 2:43:05 PM org.apache.catalina.core.StandardContext listenerStop
SEVERE: Exception sending context destroyed event to listener instance of class hudson.WebAppMain
java.lang.NoClassDefFoundError: org/apache/sshd/SshServer$1
	at org.apache.sshd.SshServer.stop(SshServer.java:372)
	at org.jenkinsci.main.modules.sshd.SSHD.stop(SSHD.java:125)
	at org.jenkinsci.main.modules.sshd.ItemListenerImpl.onBeforeShutdown(ItemListenerImpl.java:20)
	at jenkins.model.Jenkins.cleanUp(Jenkins.java:2568)
	at hudson.WebAppMain.contextDestroyed(WebAppMain.java:341)
	at org.apache.catalina.core.StandardContext.listenerStop(StandardContext.java:4831)
	at org.apache.catalina.core.StandardContext.stopInternal(StandardContext.java:5478)
	at org.apache.catalina.util.LifecycleBase.stop(LifecycleBase.java:232)
	at org.apache.catalina.core.ContainerBase.removeChild(ContainerBase.java:1028)
	at org.apache.catalina.startup.HostConfig.checkResources(HostConfig.java:1277)
	at org.apache.catalina.startup.HostConfig.check(HostConfig.java:1451)
	at org.apache.catalina.startup.HostConfig.lifecycleEvent(HostConfig.java:296)
	at org.apache.catalina.util.LifecycleSupport.fireLifecycleEvent(LifecycleSupport.java:119)
	at org.apache.catalina.util.LifecycleBase.fireLifecycleEvent(LifecycleBase.java:90)
	at org.apache.catalina.core.ContainerBase.backgroundProcess(ContainerBase.java:1374)
	at org.apache.catalina.core.ContainerBase$ContainerBackgroundProcessor.processChildren(ContainerBase.java:1530)
	at org.apache.catalina.core.ContainerBase$ContainerBackgroundProcessor.processChildren(ContainerBase.java:1540)
	at org.apache.catalina.core.ContainerBase$ContainerBackgroundProcessor.run(ContainerBase.java:1519)
	at java.lang.Thread.run(Thread.java:662)
Caused by: java.lang.ClassNotFoundException: org.apache.sshd.SshServer$1
	at org.apache.catalina.loader.WebappClassLoader.loadClass(WebappClassLoader.java:1711)
	at org.apache.catalina.loader.WebappClassLoader.loadClass(WebappClassLoader.java:1556)
	... 19 more
Sep 24, 2012 2:43:06 PM org.apache.catalina.core.ApplicationContext log
INFO: SessionListener: contextDestroyed()
Sep 24, 2012 2:43:06 PM org.apache.catalina.core.ApplicationContext log
INFO: ContextListener: contextDestroyed()
Sep 24, 2012 3:04:20 PM org.apache.catalina.core.ApplicationContext log
INFO: ContextListener: contextInitialized()
Sep 24, 2012 3:04:20 PM org.apache.catalina.core.ApplicationContext log
INFO: SessionListener: contextInitialized()
Sep 24, 2012 3:04:20 PM org.apache.catalina.core.ApplicationContext log
INFO: ContextListener: attributeAdded('org.apache.jasper.compiler.TldLocationsCache', 'org.apache.jasper.compiler.TldLocationsCache@4c67e5a7')
